\BOOKMARK [0][-]{cover.0}{NJU Cover}{}% 1
\BOOKMARK [0][-]{abstract.0}{摘　要}{}% 2
\BOOKMARK [0][-]{englishabstract.0}{Abstract}{}% 3
\BOOKMARK [0][-]{chapter*.1}{目 \040录}{}% 4
\BOOKMARK [0][-]{chapter.1}{第一章 \040绪论}{}% 5
\BOOKMARK [1][-]{section.1.1}{1.1 研究背景及意义}{chapter.1}% 6
\BOOKMARK [1][-]{section.1.2}{1.2 研究内容及目标}{chapter.1}% 7
\BOOKMARK [1][-]{section.1.3}{1.3 论文组织}{chapter.1}% 8
\BOOKMARK [0][-]{chapter.2}{第二章 \040文本挖掘技术}{}% 9
\BOOKMARK [1][-]{section.2.1}{2.1 文本表示}{chapter.2}% 10
\BOOKMARK [2][-]{subsection.2.1.1}{2.1.1 文本表示模型}{section.2.1}% 11
\BOOKMARK [2][-]{subsection.2.1.2}{2.1.2 特征权重计算}{section.2.1}% 12
\BOOKMARK [1][-]{section.2.2}{2.2 文本特征选择}{chapter.2}% 13
\BOOKMARK [2][-]{subsection.2.2.1}{2.2.1 文档频率}{section.2.2}% 14
\BOOKMARK [2][-]{subsection.2.2.2}{2.2.2 信息增益}{section.2.2}% 15
\BOOKMARK [2][-]{subsection.2.2.3}{2.2.3 互信息}{section.2.2}% 16
\BOOKMARK [2][-]{subsection.2.2.4}{2.2.4 卡方统计}{section.2.2}% 17
\BOOKMARK [1][-]{section.2.3}{2.3 本章小结}{chapter.2}% 18
\BOOKMARK [0][-]{chapter.3}{第三章 \040层次多标签学习}{}% 19
\BOOKMARK [1][-]{section.3.1}{3.1 问题定义}{chapter.3}% 20
\BOOKMARK [2][-]{subsection.3.1.1}{3.1.1 多标签学习}{section.3.1}% 21
\BOOKMARK [2][-]{subsection.3.1.2}{3.1.2 层次分类}{section.3.1}% 22
\BOOKMARK [2][-]{subsection.3.1.3}{3.1.3 层次多标签分类}{section.3.1}% 23
\BOOKMARK [1][-]{section.3.2}{3.2 评价指标}{chapter.3}% 24
\BOOKMARK [1][-]{section.3.3}{3.3 学习算法}{chapter.3}% 25
\BOOKMARK [2][-]{subsection.3.3.1}{3.3.1 多标签学习算法}{section.3.3}% 26
\BOOKMARK [2][-]{subsection.3.3.2}{3.3.2 局部学习方法}{section.3.3}% 27
\BOOKMARK [2][-]{subsection.3.3.3}{3.3.3 全局学习方法}{section.3.3}% 28
\BOOKMARK [1][-]{section.3.4}{3.4 本章小结}{chapter.3}% 29
\BOOKMARK [0][-]{chapter.4}{第四章 \040LocalBalance算法}{}% 30
\BOOKMARK [1][-]{section.4.1}{4.1 算法描述}{chapter.4}% 31
\BOOKMARK [1][-]{section.4.2}{4.2 本章小结}{chapter.4}% 32
\BOOKMARK [0][-]{chapter.5}{第五章 \040法律适用自动识别}{}% 33
\BOOKMARK [1][-]{section.5.1}{5.1 实验数据}{chapter.5}% 34
\BOOKMARK [2][-]{subsection.5.1.1}{5.1.1 数据获取}{section.5.1}% 35
\BOOKMARK [2][-]{subsection.5.1.2}{5.1.2 数据预处理}{section.5.1}% 36
\BOOKMARK [2][-]{subsection.5.1.3}{5.1.3 标签处理}{section.5.1}% 37
\BOOKMARK [2][-]{subsection.5.1.4}{5.1.4 特征处理}{section.5.1}% 38
\BOOKMARK [1][-]{section.5.2}{5.2 实验平台}{chapter.5}% 39
\BOOKMARK [1][-]{section.5.3}{5.3 评价指标}{chapter.5}% 40
\BOOKMARK [1][-]{section.5.4}{5.4 实验结果}{chapter.5}% 41
\BOOKMARK [0][-]{chapter.6}{第六章 \040总结与展望}{}% 42
\BOOKMARK [1][-]{section.6.1}{6.1 工作总结}{chapter.6}% 43
\BOOKMARK [1][-]{section.6.2}{6.2 改进方向}{chapter.6}% 44
\BOOKMARK [0][-]{appendix*.4}{参考文献}{}% 45
\BOOKMARK [0][-]{appendix*.5}{致 \040谢}{}% 46
